[2021-05-04 09:32:23] production.DEBUG: array (
  'Request' => 
  array (
    'UserID' => 2531,
  ),
  'Response' => 
  array (
    'ID' => 0,
    'Description' => NULL,
  ),
)  
[2021-05-04 10:51:14] production.DEBUG: array (
  'Request' => 
  array (
    'UserID' => 2650,
  ),
  'Response' => 
  array (
    'ID' => 0,
    'Description' => NULL,
  ),
)  
[2021-05-04 11:08:32] production.DEBUG: array (
  'Request' => 
  array (
    'UserID' => 2877,
  ),
  'Response' => 
  array (
    'ID' => 0,
    'Description' => NULL,
  ),
)  
[2021-05-04 11:52:50] production.DEBUG: array (
  'Request' => 
  array (
    'UserID' => 2650,
  ),
  'Response' => 
  array (
    'ID' => 0,
    'Description' => NULL,
  ),
)  
[2021-05-04 13:50:21] production.DEBUG: array (
  'Request' => 
  array (
    'UserID' => 2306,
  ),
  'Response' => 
  array (
    'ID' => 0,
    'Description' => NULL,
  ),
)  
[2021-05-04 14:35:16] production.DEBUG: array (
  'Request' => 
  array (
    'UserID' => 2291,
  ),
  'Response' => 
  array (
    'ID' => 0,
    'Description' => NULL,
  ),
)  
[2021-05-04 14:50:49] production.DEBUG: array (
  'Request' => 
  array (
    'UserID' => 2535,
  ),
  'Response' => 
  array (
    'ID' => 0,
    'Description' => NULL,
  ),
)  
[2021-05-04 15:57:51] production.DEBUG: array (
  'Request' => 
  array (
    'UserID' => 1237,
  ),
  'Response' => 
  array (
    'ID' => 0,
    'Description' => NULL,
  ),
)  
[2021-05-04 16:57:06] production.DEBUG: array (
  'Request' => 
  array (
    'UserID' => 2733,
  ),
  'Response' => 
  array (
    'ID' => 0,
    'Description' => NULL,
  ),
)  
[2021-05-04 17:30:02] production.DEBUG: array (
  'Request' => 
  array (
    'UserID' => 2297,
  ),
  'Response' => 
  array (
    'ID' => 0,
    'Description' => NULL,
  ),
)  
[2021-05-04 17:32:47] production.DEBUG: array (
  'Request' => 
  array (
    'UserID' => 1191,
  ),
  'Response' => 
  array (
    'ID' => 0,
    'Description' => NULL,
  ),
)  
[2021-05-04 17:38:51] production.DEBUG: array (
  'Request' => 
  array (
    'UserID' => 1191,
  ),
  'Response' => 
  array (
    'ID' => 0,
    'Description' => NULL,
  ),
)  
[2021-05-04 17:38:51] production.DEBUG: array (
  'Request' => 
  array (
    'UserID' => 1191,
  ),
  'Response' => 
  array (
    'ID' => 0,
    'Description' => NULL,
  ),
)  
[2021-05-04 17:44:06] production.DEBUG: array (
  'Request' => 
  array (
    'UserID' => 1182,
  ),
  'Response' => 
  array (
    'ID' => 0,
    'Description' => NULL,
  ),
)  
[2021-05-04 17:54:41] production.DEBUG: array (
  'Request' => 
  array (
    'UserID' => 1191,
  ),
  'Response' => 
  array (
    'ID' => 0,
    'Description' => NULL,
  ),
)  
[2021-05-04 19:13:55] production.DEBUG: array (
  'Request' => 
  array (
    'UserID' => 2271,
  ),
  'Response' => 
  array (
    'ID' => 0,
    'Description' => NULL,
  ),
)  
[2021-05-04 19:16:58] production.DEBUG: array (
  'Request' => 
  array (
    'UserID' => 2996,
  ),
  'Response' => 
  array (
    'ID' => 0,
    'Description' => NULL,
  ),
)  
