[2021-03-23 18:12:31] production.DEBUG: array (
  'user' => 'kushm001',
  'Request' => 
  array (
    'NIN' => '19850620231040000210',
    'FingerCode' => 'R2',
    'platform' => 'web',
  ),
  'Response' => 
  array (
    'ID' => NULL,
    'Time' => NULL,
    'ErrorCode' => '01',
    'ErrorMessage' => NULL,
    'NIN' => NULL,
    'FIRSTNAME' => NULL,
    'MIDDLENAME' => NULL,
    'SURNAME' => NULL,
    'OTHERNAMES' => NULL,
    'SEX' => NULL,
    'DATEOFBIRTH' => '0001-01-01T00:00:00',
    'RESIDENTREGION' => NULL,
    'RESIDENTDISTRICT' => NULL,
    'RESIDENTWARD' => NULL,
    'RESIDENTVILLAGE' => NULL,
    'RESIDENTSTREET' => NULL,
    'RESIDENTHOUSENO' => NULL,
    'RESIDENTPOSTALADDRESS' => NULL,
    'RESIDENTPOSTCODE' => NULL,
    'BIRTHCOUNTRY' => NULL,
    'BIRTHREGION' => NULL,
    'BIRTHDISTRICT' => NULL,
    'BIRTHWARD' => NULL,
    'BIRTHCERTIFICATENO' => NULL,
    'NATIONALITY' => NULL,
    'PHONENUMBER' => NULL,
    'MARITALSTATUS' => NULL,
    'PHOTO' => NULL,
    'SIGNATURE' => NULL,
  ),
)  
[2021-03-23 18:13:34] production.DEBUG: array (
  'user' => 'kushm001',
  'Request' => 
  array (
    'NIN' => '19850620231040000210',
    'FingerCode' => 'R3',
    'platform' => 'web',
  ),
  'Response' => 
  array (
    'ID' => NULL,
    'Time' => NULL,
    'ErrorCode' => '01',
    'ErrorMessage' => NULL,
    'NIN' => NULL,
    'FIRSTNAME' => NULL,
    'MIDDLENAME' => NULL,
    'SURNAME' => NULL,
    'OTHERNAMES' => NULL,
    'SEX' => NULL,
    'DATEOFBIRTH' => '0001-01-01T00:00:00',
    'RESIDENTREGION' => NULL,
    'RESIDENTDISTRICT' => NULL,
    'RESIDENTWARD' => NULL,
    'RESIDENTVILLAGE' => NULL,
    'RESIDENTSTREET' => NULL,
    'RESIDENTHOUSENO' => NULL,
    'RESIDENTPOSTALADDRESS' => NULL,
    'RESIDENTPOSTCODE' => NULL,
    'BIRTHCOUNTRY' => NULL,
    'BIRTHREGION' => NULL,
    'BIRTHDISTRICT' => NULL,
    'BIRTHWARD' => NULL,
    'BIRTHCERTIFICATENO' => NULL,
    'NATIONALITY' => NULL,
    'PHONENUMBER' => NULL,
    'MARITALSTATUS' => NULL,
    'PHOTO' => NULL,
    'SIGNATURE' => NULL,
  ),
)  
[2021-03-23 18:14:07] production.DEBUG: array (
  'user' => 'kushm001',
  'Request' => 
  array (
    'NIN' => '19850620231040000210',
    'FingerCode' => 'R1',
    'platform' => 'web',
  ),
  'Response' => 
  array (
    'ID' => NULL,
    'Time' => NULL,
    'ErrorCode' => '01',
    'ErrorMessage' => NULL,
    'NIN' => NULL,
    'FIRSTNAME' => NULL,
    'MIDDLENAME' => NULL,
    'SURNAME' => NULL,
    'OTHERNAMES' => NULL,
    'SEX' => NULL,
    'DATEOFBIRTH' => '0001-01-01T00:00:00',
    'RESIDENTREGION' => NULL,
    'RESIDENTDISTRICT' => NULL,
    'RESIDENTWARD' => NULL,
    'RESIDENTVILLAGE' => NULL,
    'RESIDENTSTREET' => NULL,
    'RESIDENTHOUSENO' => NULL,
    'RESIDENTPOSTALADDRESS' => NULL,
    'RESIDENTPOSTCODE' => NULL,
    'BIRTHCOUNTRY' => NULL,
    'BIRTHREGION' => NULL,
    'BIRTHDISTRICT' => NULL,
    'BIRTHWARD' => NULL,
    'BIRTHCERTIFICATENO' => NULL,
    'NATIONALITY' => NULL,
    'PHONENUMBER' => NULL,
    'MARITALSTATUS' => NULL,
    'PHOTO' => NULL,
    'SIGNATURE' => NULL,
  ),
)  
[2021-03-23 18:14:27] production.DEBUG: array (
  'user' => 'kushm001',
  'Request' => 
  array (
    'NIN' => '19850620231040000210',
    'FingerCode' => 'R4',
    'platform' => 'web',
  ),
  'Response' => 
  array (
    'ID' => NULL,
    'Time' => NULL,
    'ErrorCode' => '01',
    'ErrorMessage' => NULL,
    'NIN' => NULL,
    'FIRSTNAME' => NULL,
    'MIDDLENAME' => NULL,
    'SURNAME' => NULL,
    'OTHERNAMES' => NULL,
    'SEX' => NULL,
    'DATEOFBIRTH' => '0001-01-01T00:00:00',
    'RESIDENTREGION' => NULL,
    'RESIDENTDISTRICT' => NULL,
    'RESIDENTWARD' => NULL,
    'RESIDENTVILLAGE' => NULL,
    'RESIDENTSTREET' => NULL,
    'RESIDENTHOUSENO' => NULL,
    'RESIDENTPOSTALADDRESS' => NULL,
    'RESIDENTPOSTCODE' => NULL,
    'BIRTHCOUNTRY' => NULL,
    'BIRTHREGION' => NULL,
    'BIRTHDISTRICT' => NULL,
    'BIRTHWARD' => NULL,
    'BIRTHCERTIFICATENO' => NULL,
    'NATIONALITY' => NULL,
    'PHONENUMBER' => NULL,
    'MARITALSTATUS' => NULL,
    'PHOTO' => NULL,
    'SIGNATURE' => NULL,
  ),
)  
[2021-03-23 18:14:52] production.DEBUG: array (
  'user' => 'kushm001',
  'Request' => 
  array (
    'NIN' => '19850620231040000210',
    'FingerCode' => 'R2',
    'platform' => 'web',
  ),
  'Response' => 
  array (
    'ID' => NULL,
    'Time' => NULL,
    'ErrorCode' => '01',
    'ErrorMessage' => NULL,
    'NIN' => NULL,
    'FIRSTNAME' => NULL,
    'MIDDLENAME' => NULL,
    'SURNAME' => NULL,
    'OTHERNAMES' => NULL,
    'SEX' => NULL,
    'DATEOFBIRTH' => '0001-01-01T00:00:00',
    'RESIDENTREGION' => NULL,
    'RESIDENTDISTRICT' => NULL,
    'RESIDENTWARD' => NULL,
    'RESIDENTVILLAGE' => NULL,
    'RESIDENTSTREET' => NULL,
    'RESIDENTHOUSENO' => NULL,
    'RESIDENTPOSTALADDRESS' => NULL,
    'RESIDENTPOSTCODE' => NULL,
    'BIRTHCOUNTRY' => NULL,
    'BIRTHREGION' => NULL,
    'BIRTHDISTRICT' => NULL,
    'BIRTHWARD' => NULL,
    'BIRTHCERTIFICATENO' => NULL,
    'NATIONALITY' => NULL,
    'PHONENUMBER' => NULL,
    'MARITALSTATUS' => NULL,
    'PHOTO' => NULL,
    'SIGNATURE' => NULL,
  ),
)  
[2021-03-23 18:15:41] production.DEBUG: array (
  'user' => 'kushm001',
  'Request' => 
  array (
    'NIN' => '19850620231040000210',
    'FingerCode' => 'L4',
    'platform' => 'web',
  ),
  'Response' => 
  array (
    'ID' => NULL,
    'Time' => NULL,
    'ErrorCode' => '01',
    'ErrorMessage' => NULL,
    'NIN' => NULL,
    'FIRSTNAME' => NULL,
    'MIDDLENAME' => NULL,
    'SURNAME' => NULL,
    'OTHERNAMES' => NULL,
    'SEX' => NULL,
    'DATEOFBIRTH' => '0001-01-01T00:00:00',
    'RESIDENTREGION' => NULL,
    'RESIDENTDISTRICT' => NULL,
    'RESIDENTWARD' => NULL,
    'RESIDENTVILLAGE' => NULL,
    'RESIDENTSTREET' => NULL,
    'RESIDENTHOUSENO' => NULL,
    'RESIDENTPOSTALADDRESS' => NULL,
    'RESIDENTPOSTCODE' => NULL,
    'BIRTHCOUNTRY' => NULL,
    'BIRTHREGION' => NULL,
    'BIRTHDISTRICT' => NULL,
    'BIRTHWARD' => NULL,
    'BIRTHCERTIFICATENO' => NULL,
    'NATIONALITY' => NULL,
    'PHONENUMBER' => NULL,
    'MARITALSTATUS' => NULL,
    'PHOTO' => NULL,
    'SIGNATURE' => NULL,
  ),
)  
[2021-03-23 18:16:59] production.DEBUG: array (
  'user' => 'kushm001',
  'Request' => 
  array (
    'NIN' => '19850620231040000210',
    'FingerCode' => 'L5',
    'platform' => 'web',
  ),
  'Response' => 
  array (
    'ID' => NULL,
    'Time' => NULL,
    'ErrorCode' => '01',
    'ErrorMessage' => NULL,
    'NIN' => NULL,
    'FIRSTNAME' => NULL,
    'MIDDLENAME' => NULL,
    'SURNAME' => NULL,
    'OTHERNAMES' => NULL,
    'SEX' => NULL,
    'DATEOFBIRTH' => '0001-01-01T00:00:00',
    'RESIDENTREGION' => NULL,
    'RESIDENTDISTRICT' => NULL,
    'RESIDENTWARD' => NULL,
    'RESIDENTVILLAGE' => NULL,
    'RESIDENTSTREET' => NULL,
    'RESIDENTHOUSENO' => NULL,
    'RESIDENTPOSTALADDRESS' => NULL,
    'RESIDENTPOSTCODE' => NULL,
    'BIRTHCOUNTRY' => NULL,
    'BIRTHREGION' => NULL,
    'BIRTHDISTRICT' => NULL,
    'BIRTHWARD' => NULL,
    'BIRTHCERTIFICATENO' => NULL,
    'NATIONALITY' => NULL,
    'PHONENUMBER' => NULL,
    'MARITALSTATUS' => NULL,
    'PHOTO' => NULL,
    'SIGNATURE' => NULL,
  ),
)  
[2021-03-23 18:17:21] production.DEBUG: array (
  'user' => 'kushm001',
  'Request' => 
  array (
    'NIN' => '19850620231040000210',
    'FingerCode' => 'L3',
    'platform' => 'web',
  ),
  'Response' => 
  array (
    'ID' => NULL,
    'Time' => NULL,
    'ErrorCode' => '01',
    'ErrorMessage' => NULL,
    'NIN' => NULL,
    'FIRSTNAME' => NULL,
    'MIDDLENAME' => NULL,
    'SURNAME' => NULL,
    'OTHERNAMES' => NULL,
    'SEX' => NULL,
    'DATEOFBIRTH' => '0001-01-01T00:00:00',
    'RESIDENTREGION' => NULL,
    'RESIDENTDISTRICT' => NULL,
    'RESIDENTWARD' => NULL,
    'RESIDENTVILLAGE' => NULL,
    'RESIDENTSTREET' => NULL,
    'RESIDENTHOUSENO' => NULL,
    'RESIDENTPOSTALADDRESS' => NULL,
    'RESIDENTPOSTCODE' => NULL,
    'BIRTHCOUNTRY' => NULL,
    'BIRTHREGION' => NULL,
    'BIRTHDISTRICT' => NULL,
    'BIRTHWARD' => NULL,
    'BIRTHCERTIFICATENO' => NULL,
    'NATIONALITY' => NULL,
    'PHONENUMBER' => NULL,
    'MARITALSTATUS' => NULL,
    'PHOTO' => NULL,
    'SIGNATURE' => NULL,
  ),
)  
